<?xml version="1.0" encoding="UTF-8"?>
<!-- Generated by org.testng.reporters.JUnitReportReporter -->
<testsuite skipped="0" hostname="DESKTOP-ORFPBU2" name="testCases.ReadAllProducts" tests="1" failures="0" timestamp="27 Mar 2023 15:18:57 GMT" time="4.265" errors="0">
  <testcase name="readAllProducts" time="4.265" classname="testCases.ReadAllProducts"/>
</testsuite> <!-- testCases.ReadAllProducts -->
