<?xml version="1.0" encoding="UTF-8"?>
<!-- Generated by org.testng.reporters.JUnitReportReporter -->
<testsuite skipped="0" hostname="DESKTOP-ORFPBU2" name="testCases.DeleteOneProduct" tests="2" failures="0" timestamp="27 Mar 2023 16:42:32 GMT" time="2.375" errors="0">
  <testcase name="deleteOneProduct" time="2.047" classname="testCases.DeleteOneProduct"/>
  <testcase name="readOneProduct" time="0.328" classname="testCases.DeleteOneProduct"/>
</testsuite> <!-- testCases.DeleteOneProduct -->
